<?xml version="1.0" encoding="UTF-8"?>
<testng-results skipped="0" failed="0" ignored="0" total="1" passed="1">
  <reporter-output>
  </reporter-output>
  <suite name="Default suite" duration-ms="5292" started-at="2021-04-05T11:38:57Z" finished-at="2021-04-05T11:39:02Z">
    <groups>
    </groups>
    <test name="Default test" duration-ms="5292" started-at="2021-04-05T11:38:57Z" finished-at="2021-04-05T11:39:02Z">
      <class name="org.runner.RunnerClass">
        <test-method status="PASS" signature="tc1()[pri:0, instance:org.runner.RunnerClass@548a9f61]" name="tc1" duration-ms="5271" started-at="2021-04-05T11:38:57Z" finished-at="2021-04-05T11:39:02Z">
          <reporter-output>
          </reporter-output>
        </test-method> <!-- tc1 -->
      </class> <!-- org.runner.RunnerClass -->
    </test> <!-- Default test -->
  </suite> <!-- Default suite -->
</testng-results>
